<?xml version="1.0" encoding="UTF-8"?>
<!-- Generated by org.testng.reporters.JUnitReportReporter -->
<testsuite hostname="DESKTOP-847K17L" failures="0" tests="1" name="UltimateQA.SearchElement" time="11.011" errors="0" timestamp="2024-12-20T15:55:09 CET" skipped="0">
  <testcase classname="UltimateQA.SearchElement" name="searchElementse" time="11.011"/>
  <system-out/>
</testsuite> <!-- UltimateQA.SearchElement -->
