<?xml version="1.0" encoding="UTF-8"?>
<!-- Generated by org.testng.reporters.JUnitReportReporter -->
<testsuite hostname="DESKTOP-847K17L" failures="0" tests="1" name="UltimateQA.FindingMidnumbers" time="0.009" errors="0" timestamp="2024-12-20T14:51:30 CET" skipped="0">
  <testcase classname="UltimateQA.FindingMidnumbers" name="findingMidnumbers" time="0.009"/>
  <system-out/>
</testsuite> <!-- UltimateQA.FindingMidnumbers -->
