<?xml version="1.0" encoding="UTF-8"?>
<!-- Generated by org.testng.reporters.JUnitReportReporter -->
<testsuite hostname="DESKTOP-847K17L" failures="0" tests="1" name="UltimateQA.Elements" time="6.822" errors="0" timestamp="2024-12-20T11:33:03 CET" skipped="0">
  <testcase classname="UltimateQA.Elements" name="getMobilesNames" time="6.822"/>
  <system-out/>
</testsuite> <!-- UltimateQA.Elements -->
