<?xml version="1.0" encoding="UTF-8"?>
<!-- Generated by org.testng.reporters.JUnitReportReporter -->
<testsuite hostname="DESKTOP-847K17L" failures="0" tests="1" name="UltimateQA.TableNames" time="6.162" errors="0" timestamp="2024-12-20T12:15:11 CET" skipped="0">
  <testcase classname="UltimateQA.TableNames" name="tableNames" time="6.162"/>
  <system-out/>
</testsuite> <!-- UltimateQA.TableNames -->
